
   RESPONSE:
[ {
  "id" : "1",
  "externalID" : "externalId",
  "description" : "description",
  "type" : "type",
  "status" : "OPEN_RUNNING",
  "orderDate" : "2013-10-03T13:24:40.277+0000",
  "completionDate" : "2013-10-03T13:24:40.277+0000",
  "requestedCompletionDate" : "2013-10-03T13:24:40.278+0000",
  "relatedParties" : [ {
    "role" : "role",
    "reference" : "ref"
  } ],
  "orderItems" : [ {
    "id" : "item1",
    "state" : "Running",
    "action" : "action",
    "productOffering" : {
      "href" : "href",
      "name" : "name",
      "description" : "description"
    },
    "product" : {
      "productCharacteristics" : [ {
        "name" : "name",
        "value" : "value"
      } ],
      "productSpecification" : {
        "href" : "href",
        "name" : "name",
        "description" : "description"
      }
    }
  }, {
    "id" : "item2",
    "state" : "NotStarted",
    "action" : "action",
    "productOffering" : {
      "href" : "href",
      "name" : "name",
      "description" : "description"
    },
    "product" : {
      "productCharacteristics" : [ {
        "name" : "name",
        "value" : "value"
      } ],
      "productSpecification" : {
        "href" : "href",
        "name" : "name",
        "description" : "description"
      }
    }
  } ]
}, {
  "id" : "2",
  "externalID" : "externalId",
  "description" : "description",
  "type" : "type",
  "status" : "OPEN_RUNNING",
  "orderDate" : "2010-01-01T00:00:00.000+0000",
  "completionDate" : "2010-01-01T01:00:00.000+0000",
  "requestedCompletionDate" : "2010-01-01T02:00:00.000+0000",
  "relatedParties" : [ {
    "role" : "role",
    "reference" : "ref"
  } ],
  "orderItems" : [ {
    "id" : "item1",
    "state" : "Running",
    "action" : "action",
    "productOffering" : {
      "href" : "href",
      "name" : "name",
      "description" : "description"
    },
    "product" : {
      "productCharacteristics" : [ {
        "name" : "name",
        "value" : "value"
      } ],
      "productSpecification" : {
        "href" : "href",
        "name" : "name",
        "description" : "description"
      }
    }
  }, {
    "id" : "item2",
    "state" : "NotStarted",
    "action" : "action",
    "productOffering" : {
      "href" : "href",
      "name" : "name",
      "description" : "description"
    },
    "product" : {
      "productCharacteristics" : [ {
        "name" : "name",
        "value" : "value"
      } ],
      "productSpecification" : {
        "href" : "href",
        "name" : "name",
        "description" : "description"
      }
    }
  } ]
} ]
   URL:http://localhost:8080/DSPRODUCTORDERING/api/productOrder/
   TIME:0,028
   STATUS:200
   METHOD:GET


   RESPONSE:
<!DOCTYPE html PUBLIC "-//W3C//DTD XHTML 1.0 Strict//EN" "http://www.w3.org/TR/xhtml1/DTD/xhtml1-strict.dtd"><html xmlns="http://www.w3.org/1999/xhtml"><head><title>GlassFish Server Open Source Edition 3.1.2.2 - Error report</title><style type="text/css"><!--H1 {font-family:Tahoma,Arial,sans-serif;color:white;background-color:#525D76;font-size:22px;} H2 {font-family:Tahoma,Arial,sans-serif;color:white;background-color:#525D76;font-size:16px;} H3 {font-family:Tahoma,Arial,sans-serif;color:white;background-color:#525D76;font-size:14px;} BODY {font-family:Tahoma,Arial,sans-serif;color:black;background-color:white;} B {font-family:Tahoma,Arial,sans-serif;color:white;background-color:#525D76;} P {font-family:Tahoma,Arial,sans-serif;background:white;color:black;font-size:12px;}A {color : black;}HR {color : #525D76;}--></style> </head><body><h1>HTTP Status 500 - </h1><hr/><p><b>type</b> Exception report</p><p><b>message</b></p><p><b>description</b>The server encountered an internal error () that prevented it from fulfilling this request.</p><p><b>exception</b> <pre>java.lang.NullPointerException</pre></p><p><b>note</b> <u>The full stack traces of the exception and its root causes are available in the GlassFish Server Open Source Edition 3.1.2.2 logs.</u></p><hr/><h3>GlassFish Server Open Source Edition 3.1.2.2</h3></body></html>
   URL:http://localhost:8080/DSPRODUCTORDERING/api/productOrder/
   TIME:0,578
   STATUS:500
   METHOD:GET


   RESPONSE:
<!DOCTYPE html PUBLIC "-//W3C//DTD XHTML 1.0 Strict//EN" "http://www.w3.org/TR/xhtml1/DTD/xhtml1-strict.dtd"><html xmlns="http://www.w3.org/1999/xhtml"><head><title>GlassFish Server Open Source Edition 3.1.2.2 - Error report</title><style type="text/css"><!--H1 {font-family:Tahoma,Arial,sans-serif;color:white;background-color:#525D76;font-size:22px;} H2 {font-family:Tahoma,Arial,sans-serif;color:white;background-color:#525D76;font-size:16px;} H3 {font-family:Tahoma,Arial,sans-serif;color:white;background-color:#525D76;font-size:14px;} BODY {font-family:Tahoma,Arial,sans-serif;color:black;background-color:white;} B {font-family:Tahoma,Arial,sans-serif;color:white;background-color:#525D76;} P {font-family:Tahoma,Arial,sans-serif;background:white;color:black;font-size:12px;}A {color : black;}HR {color : #525D76;}--></style> </head><body><h1>HTTP Status 500 - </h1><hr/><p><b>type</b> Exception report</p><p><b>message</b></p><p><b>description</b>The server encountered an internal error () that prevented it from fulfilling this request.</p><p><b>exception</b> <pre>java.lang.NullPointerException</pre></p><p><b>note</b> <u>The full stack traces of the exception and its root causes are available in the GlassFish Server Open Source Edition 3.1.2.2 logs.</u></p><hr/><h3>GlassFish Server Open Source Edition 3.1.2.2</h3></body></html>
   URL:http://localhost:8080/DSPRODUCTORDERING/api/productOrder/
   TIME:0,026
   STATUS:500
   METHOD:GET


   RESPONSE:
[ {
  "id" : "1",
  "externalID" : "externalId",
  "description" : "description",
  "type" : "type",
  "status" : "OPEN_RUNNING",
  "orderDate" : "2013-10-03T13:24:40.277+0000",
  "completionDate" : "2013-10-03T13:24:40.277+0000",
  "requestedCompletionDate" : "2013-10-03T13:24:40.278+0000",
  "relatedParties" : [ {
    "role" : "role",
    "reference" : "ref"
  } ],
  "orderItems" : [ {
    "id" : "item1",
    "state" : "Running",
    "action" : "action",
    "productOffering" : {
      "href" : "href",
      "name" : "name",
      "description" : "description"
    },
    "product" : {
      "productCharacteristics" : [ {
        "name" : "name",
        "value" : "value"
      } ],
      "productSpecification" : {
        "href" : "href",
        "name" : "name",
        "description" : "description"
      }
    }
  }, {
    "id" : "item2",
    "state" : "NotStarted",
    "action" : "action",
    "productOffering" : {
      "href" : "href",
      "name" : "name",
      "description" : "description"
    },
    "product" : {
      "productCharacteristics" : [ {
        "name" : "name",
        "value" : "value"
      } ],
      "productSpecification" : {
        "href" : "href",
        "name" : "name",
        "description" : "description"
      }
    }
  } ]
}, {
  "id" : "2",
  "externalID" : "externalId",
  "description" : "description",
  "type" : "type",
  "status" : "OPEN_RUNNING",
  "orderDate" : "2010-01-01T00:00:00.000+0000",
  "completionDate" : "2010-01-01T01:00:00.000+0000",
  "requestedCompletionDate" : "2010-01-01T02:00:00.000+0000",
  "relatedParties" : [ {
    "role" : "role",
    "reference" : "ref"
  } ],
  "orderItems" : [ {
    "id" : "item1",
    "state" : "Running",
    "action" : "action",
    "productOffering" : {
      "href" : "href",
      "name" : "name",
      "description" : "description"
    },
    "product" : {
      "productCharacteristics" : [ {
        "name" : "name",
        "value" : "value"
      } ],
      "productSpecification" : {
        "href" : "href",
        "name" : "name",
        "description" : "description"
      }
    }
  }, {
    "id" : "item2",
    "state" : "NotStarted",
    "action" : "action",
    "productOffering" : {
      "href" : "href",
      "name" : "name",
      "description" : "description"
    },
    "product" : {
      "productCharacteristics" : [ {
        "name" : "name",
        "value" : "value"
      } ],
      "productSpecification" : {
        "href" : "href",
        "name" : "name",
        "description" : "description"
      }
    }
  } ]
}, {
  "id" : "101",
  "externalID" : "externalId",
  "description" : "description",
  "type" : "type",
  "status" : "OPEN_RUNNING",
  "orderDate" : "2010-01-01T00:00:00.000+0000",
  "completionDate" : "2010-01-01T01:00:00.000+0000",
  "requestedCompletionDate" : "2010-01-01T02:00:00.000+0000",
  "relatedParties" : [ {
    "role" : "role",
    "reference" : "ref"
  } ],
  "orderItems" : [ {
    "id" : "item1",
    "state" : "Running",
    "action" : "action",
    "productOffering" : {
      "href" : "href",
      "name" : "name",
      "description" : "description"
    },
    "product" : {
      "productCharacteristics" : [ {
        "name" : "name",
        "value" : "value"
      } ],
      "productSpecification" : {
        "href" : "href",
        "name" : "name",
        "description" : "description"
      }
    }
  }, {
    "id" : "item2",
    "state" : "NotStarted",
    "action" : "action",
    "productOffering" : {
      "href" : "href",
      "name" : "name",
      "description" : "description"
    },
    "product" : {
      "productCharacteristics" : [ {
        "name" : "name",
        "value" : "value"
      } ],
      "productSpecification" : {
        "href" : "href",
        "name" : "name",
        "description" : "description"
      }
    }
  } ]
}, {
  "id" : "102",
  "externalID" : "externalId",
  "description" : "description",
  "type" : "type",
  "orderDate" : "2010-01-01T00:00:00.000+0000",
  "completionDate" : "2010-01-01T01:00:00.000+0000",
  "requestedCompletionDate" : "2010-01-01T02:00:00.000+0000",
  "relatedParties" : [ {
    "role" : "role",
    "reference" : "ref"
  } ],
  "orderItems" : [ {
    "id" : "item1",
    "state" : "Running",
    "action" : "action",
    "productOffering" : {
      "href" : "href",
      "name" : "name",
      "description" : "description"
    },
    "product" : {
      "productCharacteristics" : [ {
        "name" : "name",
        "value" : "value"
      } ],
      "productSpecification" : {
        "href" : "href",
        "name" : "name",
        "description" : "description"
      }
    }
  }, {
    "id" : "item2",
    "state" : "NotStarted",
    "action" : "action",
    "productOffering" : {
      "href" : "href",
      "name" : "name",
      "description" : "description"
    },
    "product" : {
      "productCharacteristics" : [ {
        "name" : "name",
        "value" : "value"
      } ],
      "productSpecification" : {
        "href" : "href",
        "name" : "name",
        "description" : "description"
      }
    }
  } ]
}, {
  "id" : "103",
  "externalID" : "externalId",
  "description" : "description",
  "type" : "type",
  "orderDate" : "2010-01-01T00:00:00.000+0000",
  "completionDate" : "2010-01-01T01:00:00.000+0000",
  "requestedCompletionDate" : "2010-01-01T02:00:00.000+0000",
  "relatedParties" : [ {
    "role" : "role",
    "reference" : "ref"
  } ],
  "orderItems" : [ {
    "id" : "item1",
    "state" : "Running",
    "action" : "action",
    "productOffering" : {
      "href" : "href",
      "name" : "name",
      "description" : "description"
    },
    "product" : {
      "productCharacteristics" : [ {
        "name" : "name",
        "value" : "value"
      } ],
      "productSpecification" : {
        "href" : "href",
        "name" : "name",
        "description" : "description"
      }
    }
  }, {
    "id" : "item2",
    "state" : "NotStarted",
    "action" : "action",
    "productOffering" : {
      "href" : "href",
      "name" : "name",
      "description" : "description"
    },
    "product" : {
      "productCharacteristics" : [ {
        "name" : "name",
        "value" : "value"
      } ],
      "productSpecification" : {
        "href" : "href",
        "name" : "name",
        "description" : "description"
      }
    }
  } ]
}, {
  "id" : "104",
  "externalID" : "externalId",
  "description" : "description",
  "type" : "type",
  "status" : "OPEN_RUNNING",
  "orderDate" : "2010-01-01T00:00:00.000+0000",
  "completionDate" : "2010-01-01T01:00:00.000+0000",
  "requestedCompletionDate" : "2010-01-01T02:00:00.000+0000",
  "relatedParties" : [ {
    "role" : "role",
    "reference" : "ref"
  } ],
  "orderItems" : [ {
    "id" : "item1",
    "state" : "Running",
    "action" : "action",
    "productOffering" : {
      "href" : "href",
      "name" : "name",
      "description" : "description"
    },
    "product" : {
      "productCharacteristics" : [ {
        "name" : "name",
        "value" : "value"
      } ],
      "productSpecification" : {
        "href" : "href",
        "name" : "name",
        "description" : "description"
      }
    }
  }, {
    "id" : "item2",
    "state" : "NotStarted",
    "action" : "action",
    "productOffering" : {
      "href" : "href",
      "name" : "name",
      "description" : "description"
    },
    "product" : {
      "productCharacteristics" : [ {
        "name" : "name",
        "value" : "value"
      } ],
      "productSpecification" : {
        "href" : "href",
        "name" : "name",
        "description" : "description"
      }
    }
  } ]
}, {
  "id" : "151",
  "externalID" : "externalId",
  "description" : "description",
  "type" : "type",
  "status" : "CLOSED_COMPLETED",
  "orderDate" : "2010-01-01T00:00:00.000+0000",
  "completionDate" : "2010-01-01T01:00:00.000+0000",
  "requestedCompletionDate" : "2010-01-01T02:00:00.000+0000",
  "relatedParties" : [ {
    "role" : "role",
    "reference" : "ref"
  } ],
  "orderItems" : [ {
    "id" : "item1",
    "state" : "Running",
    "action" : "action",
    "productOffering" : {
      "href" : "href",
      "name" : "name",
      "description" : "description"
    },
    "product" : {
      "productCharacteristics" : [ {
        "name" : "name",
        "value" : "value"
      } ],
      "productSpecification" : {
        "href" : "href",
        "name" : "name",
        "description" : "description"
      }
    }
  }, {
    "id" : "item2",
    "state" : "NotStarted",
    "action" : "action",
    "productOffering" : {
      "href" : "href",
      "name" : "name",
      "description" : "description"
    },
    "product" : {
      "productCharacteristics" : [ {
        "name" : "name",
        "value" : "value"
      } ],
      "productSpecification" : {
        "href" : "href",
        "name" : "name",
        "description" : "description"
      }
    }
  } ]
} ]
   URL:http://localhost:8080/DSPRODUCTORDERING/api/productOrder/
   TIME:2,751
   STATUS:200
   METHOD:GET

