   REQUEST GET http://localhost:8080/DSPRODUCTORDERING/api/productOrdering/

   RESPONSE
<!DOCTYPE html PUBLIC "-//W3C//DTD XHTML 1.0 Strict//EN" "http://www.w3.org/TR/xhtml1/DTD/xhtml1-strict.dtd"><html xmlns="http://www.w3.org/1999/xhtml"><head><title>GlassFish Server Open Source Edition 3.1.2.2 - Error report</title><style type="text/css"><!--H1 {font-family:Tahoma,Arial,sans-serif;color:white;background-color:#525D76;font-size:22px;} H2 {font-family:Tahoma,Arial,sans-serif;color:white;background-color:#525D76;font-size:16px;} H3 {font-family:Tahoma,Arial,sans-serif;color:white;background-color:#525D76;font-size:14px;} BODY {font-family:Tahoma,Arial,sans-serif;color:black;background-color:white;} B {font-family:Tahoma,Arial,sans-serif;color:white;background-color:#525D76;} P {font-family:Tahoma,Arial,sans-serif;background:white;color:black;font-size:12px;}A {color : black;}HR {color : #525D76;}--></style> </head><body><h1>HTTP Status 404 - Not Found</h1><hr/><p><b>type</b> Status report</p><p><b>message</b>Not Found</p><p><b>description</b>The requested resource (Not Found) is not available.</p><hr/><h3>GlassFish Server Open Source Edition 3.1.2.2</h3></body></html>
   TIME:0,385
   STATUS:404

   COMMAND
   curl --write-out @commons/curl_template --insecure --user user:user --header Content-Type:application/json --header Accept:application/json -X GET http://localhost:8080/DSPRODUCTORDERING/api/productOrdering/


   REQUEST GET http://localhost:8080/DSPRODUCTORDERING/api/productOrdering/

   RESPONSE
<!DOCTYPE html PUBLIC "-//W3C//DTD XHTML 1.0 Strict//EN" "http://www.w3.org/TR/xhtml1/DTD/xhtml1-strict.dtd"><html xmlns="http://www.w3.org/1999/xhtml"><head><title>GlassFish Server Open Source Edition 3.1.2.2 - Error report</title><style type="text/css"><!--H1 {font-family:Tahoma,Arial,sans-serif;color:white;background-color:#525D76;font-size:22px;} H2 {font-family:Tahoma,Arial,sans-serif;color:white;background-color:#525D76;font-size:16px;} H3 {font-family:Tahoma,Arial,sans-serif;color:white;background-color:#525D76;font-size:14px;} BODY {font-family:Tahoma,Arial,sans-serif;color:black;background-color:white;} B {font-family:Tahoma,Arial,sans-serif;color:white;background-color:#525D76;} P {font-family:Tahoma,Arial,sans-serif;background:white;color:black;font-size:12px;}A {color : black;}HR {color : #525D76;}--></style> </head><body><h1>HTTP Status 404 - Not Found</h1><hr/><p><b>type</b> Status report</p><p><b>message</b>Not Found</p><p><b>description</b>The requested resource (Not Found) is not available.</p><hr/><h3>GlassFish Server Open Source Edition 3.1.2.2</h3></body></html>
   TIME:0,285
   STATUS:404

   COMMAND
   curl --write-out @commons/curl_template --insecure --user user:user --header Content-Type:application/json --header Accept:application/json -X GET http://localhost:8080/DSPRODUCTORDERING/api/productOrdering/


   REQUEST GET http://localhost:8080/DSPRODUCTORDERING/api/productOrder/

   RESPONSE
[ ]
   TIME:0,274
   STATUS:200

   COMMAND
   curl --write-out @commons/curl_template --insecure --user user:user --header Content-Type:application/json --header Accept:application/json -X GET http://localhost:8080/DSPRODUCTORDERING/api/productOrder/


   REQUEST POST http://localhost:8080/DSPRODUCTORDERING/api/productOrder

   REQUEST BODY:
      {
      "externalID": "externalId1",
      "description": "Product Order 1",
      "type": "type",
      "status": "OPEN_RUNNING",
      "orderDate": "2001-01-01T00:00:00.000+0000",
      "completionDate": "2001-02-01T00:00:00.000+0000",
      "requestedCompletionDate": "2001-03-01T00:00:00.000+0000",
      "relatedParties": [      {
         "role": "role",
         "reference": "ref"
      }],
      "orderItems":       [
                  {
            "id": "item1",
            "state": "Running",
            "action": "action",
            "productOffering":             {
               "id": "id",
               "name": "name",
               "description": "description"
            },
            "product":             {
               "productCharacteristics": [               {
                  "name": "name",
                  "value": "value"
               }],
               "productSpecification":                {
                  "id": "id",
                  "name": "name",
                  "description": "description"
               }
            }
         },
                  {
            "id": "item2",
            "state": "NotStarted",
            "action": "action",
            "productOffering":             {
               "id": "id",
               "name": "name",
               "description": "description"
            },
            "product":             {
               "productCharacteristics": [               {
                  "name": "name",
                  "value": "value"
               }],
               "productSpecification":                {
                  "id": "id",
                  "name": "name",
                  "description": "description"
               }
            }
         }
      ]
   }

   RESPONSE
{
  "id" : "101",
  "externalID" : "externalId1",
  "description" : "Product Order 1",
  "type" : "type",
  "status" : "OPEN_RUNNING",
  "orderDate" : "2001-01-01T00:00:00.000+0000",
  "completionDate" : "2001-02-01T00:00:00.000+0000",
  "requestedCompletionDate" : "2001-03-01T00:00:00.000+0000",
  "relatedParties" : [ {
    "role" : "role",
    "reference" : "ref"
  } ],
  "orderItems" : [ {
    "id" : "item1",
    "state" : "Running",
    "action" : "action",
    "productOffering" : {
      "id" : "id",
      "name" : "name",
      "description" : "description"
    },
    "product" : {
      "productCharacteristics" : [ {
        "name" : "name",
        "value" : "value"
      } ],
      "productSpecification" : {
        "id" : "id",
        "name" : "name",
        "description" : "description"
      }
    }
  }, {
    "id" : "item2",
    "state" : "NotStarted",
    "action" : "action",
    "productOffering" : {
      "id" : "id",
      "name" : "name",
      "description" : "description"
    },
    "product" : {
      "productCharacteristics" : [ {
        "name" : "name",
        "value" : "value"
      } ],
      "productSpecification" : {
        "id" : "id",
        "name" : "name",
        "description" : "description"
      }
    }
  } ]
}
   TIME:0,158
   STATUS:200

   COMMAND
   curl --write-out @commons/curl_template --insecure --user user:user --header Content-Type:application/json --header Accept:application/json -X POST http://localhost:8080/DSPRODUCTORDERING/api/productOrder -d @json/create.json


   REQUEST GET http://localhost:8080/DSPRODUCTORDERING/api/productOrder/

   RESPONSE
[ {
  "id" : "101",
  "externalID" : "externalId1",
  "description" : "Product Order 1",
  "type" : "type",
  "status" : "CLOSED_COMPLETED",
  "orderDate" : "2001-01-01T00:00:00.000+0000",
  "completionDate" : "2001-02-01T00:00:00.000+0000",
  "requestedCompletionDate" : "2001-03-01T00:00:00.000+0000",
  "relatedParties" : [ {
    "role" : "role",
    "reference" : "ref"
  } ],
  "orderItems" : [ {
    "id" : "item1",
    "state" : "Running",
    "action" : "action",
    "productOffering" : {
      "id" : "id",
      "name" : "name",
      "description" : "description"
    },
    "product" : {
      "productCharacteristics" : [ {
        "name" : "name",
        "value" : "value"
      } ],
      "productSpecification" : {
        "id" : "id",
        "name" : "name",
        "description" : "description"
      }
    }
  }, {
    "id" : "item2",
    "state" : "NotStarted",
    "action" : "action",
    "productOffering" : {
      "id" : "id",
      "name" : "name",
      "description" : "description"
    },
    "product" : {
      "productCharacteristics" : [ {
        "name" : "name",
        "value" : "value"
      } ],
      "productSpecification" : {
        "id" : "id",
        "name" : "name",
        "description" : "description"
      }
    }
  } ]
} ]
   TIME:0,035
   STATUS:200

   COMMAND
   curl --write-out @commons/curl_template --insecure --user user:user --header Content-Type:application/json --header Accept:application/json -X GET http://localhost:8080/DSPRODUCTORDERING/api/productOrder/


   REQUEST DELETE http://localhost:8080/DSPRODUCTORDERING/api/admin/productOrder/

   RESPONSE
<!DOCTYPE html PUBLIC "-//W3C//DTD XHTML 1.0 Strict//EN" "http://www.w3.org/TR/xhtml1/DTD/xhtml1-strict.dtd"><html xmlns="http://www.w3.org/1999/xhtml"><head><title>GlassFish Server Open Source Edition 3.1.2.2 - Error report</title><style type="text/css"><!--H1 {font-family:Tahoma,Arial,sans-serif;color:white;background-color:#525D76;font-size:22px;} H2 {font-family:Tahoma,Arial,sans-serif;color:white;background-color:#525D76;font-size:16px;} H3 {font-family:Tahoma,Arial,sans-serif;color:white;background-color:#525D76;font-size:14px;} BODY {font-family:Tahoma,Arial,sans-serif;color:black;background-color:white;} B {font-family:Tahoma,Arial,sans-serif;color:white;background-color:#525D76;} P {font-family:Tahoma,Arial,sans-serif;background:white;color:black;font-size:12px;}A {color : black;}HR {color : #525D76;}--></style> </head><body><h1>HTTP Status 404 - Not Found</h1><hr/><p><b>type</b> Status report</p><p><b>message</b>Not Found</p><p><b>description</b>The requested resource (Not Found) is not available.</p><hr/><h3>GlassFish Server Open Source Edition 3.1.2.2</h3></body></html>
   TIME:0,023
   STATUS:404

   COMMAND
   curl --write-out @commons/curl_template --insecure --user user:user --header Content-Type:application/json --header Accept:application/json -X DELETE http://localhost:8080/DSPRODUCTORDERING/api/admin/productOrder/


   REQUEST DELETE http://localhost:8080/DSPRODUCTORDERING/api/admin/productOrder/

   RESPONSE
<!DOCTYPE html PUBLIC "-//W3C//DTD XHTML 1.0 Strict//EN" "http://www.w3.org/TR/xhtml1/DTD/xhtml1-strict.dtd"><html xmlns="http://www.w3.org/1999/xhtml"><head><title>GlassFish Server Open Source Edition 3.1.2.2 - Error report</title><style type="text/css"><!--H1 {font-family:Tahoma,Arial,sans-serif;color:white;background-color:#525D76;font-size:22px;} H2 {font-family:Tahoma,Arial,sans-serif;color:white;background-color:#525D76;font-size:16px;} H3 {font-family:Tahoma,Arial,sans-serif;color:white;background-color:#525D76;font-size:14px;} BODY {font-family:Tahoma,Arial,sans-serif;color:black;background-color:white;} B {font-family:Tahoma,Arial,sans-serif;color:white;background-color:#525D76;} P {font-family:Tahoma,Arial,sans-serif;background:white;color:black;font-size:12px;}A {color : black;}HR {color : #525D76;}--></style> </head><body><h1>HTTP Status 500 - </h1><hr/><p><b>type</b> Exception report</p><p><b>message</b></p><p><b>description</b>The server encountered an internal error () that prevented it from fulfilling this request.</p><p><b>exception</b> <pre>javax.servlet.ServletException: javax.persistence.PersistenceException: Exception [EclipseLink-4002] (Eclipse Persistence Services - 2.3.2.v20111125-r10461): org.eclipse.persistence.exceptions.DatabaseException
Internal Exception: java.sql.SQLIntegrityConstraintViolationException: DELETE sur la table 'PRODUCTORDER' a entraîné la violation de la contrainte de clé externe 'HBVENTPRDCTORDERID' pour la clé (101).  L'instruction a été annulée.
Error Code: -1
Call: DELETE FROM PRODUCTORDER WHERE (ID = ?)
	bind =&gt; [1 parameter bound]
Query: DeleteObjectQuery(tmf.org.dsmapi.ordering.ProductOrder[ id=101 description=Product Order 1 ])</pre></p><p><b>root cause</b> <pre>javax.persistence.PersistenceException: Exception [EclipseLink-4002] (Eclipse Persistence Services - 2.3.2.v20111125-r10461): org.eclipse.persistence.exceptions.DatabaseException
Internal Exception: java.sql.SQLIntegrityConstraintViolationException: DELETE sur la table 'PRODUCTORDER' a entraîné la violation de la contrainte de clé externe 'HBVENTPRDCTORDERID' pour la clé (101).  L'instruction a été annulée.
Error Code: -1
Call: DELETE FROM PRODUCTORDER WHERE (ID = ?)
	bind =&gt; [1 parameter bound]
Query: DeleteObjectQuery(tmf.org.dsmapi.ordering.ProductOrder[ id=101 description=Product Order 1 ])</pre></p><p><b>root cause</b> <pre>Exception [EclipseLink-4002] (Eclipse Persistence Services - 2.3.2.v20111125-r10461): org.eclipse.persistence.exceptions.DatabaseException
Internal Exception: java.sql.SQLIntegrityConstraintViolationException: DELETE sur la table 'PRODUCTORDER' a entraîné la violation de la contrainte de clé externe 'HBVENTPRDCTORDERID' pour la clé (101).  L'instruction a été annulée.
Error Code: -1
Call: DELETE FROM PRODUCTORDER WHERE (ID = ?)
	bind =&gt; [1 parameter bound]
Query: DeleteObjectQuery(tmf.org.dsmapi.ordering.ProductOrder[ id=101 description=Product Order 1 ])</pre></p><p><b>root cause</b> <pre>java.sql.SQLIntegrityConstraintViolationException: DELETE sur la table 'PRODUCTORDER' a entraîné la violation de la contrainte de clé externe 'HBVENTPRDCTORDERID' pour la clé (101).  L'instruction a été annulée.</pre></p><p><b>root cause</b> <pre>org.apache.derby.client.am.SqlException: DELETE sur la table 'PRODUCTORDER' a entraîné la violation de la contrainte de clé externe 'HBVENTPRDCTORDERID' pour la clé (101).  L'instruction a été annulée.</pre></p><p><b>note</b> <u>The full stack traces of the exception and its root causes are available in the GlassFish Server Open Source Edition 3.1.2.2 logs.</u></p><hr/><h3>GlassFish Server Open Source Edition 3.1.2.2</h3></body></html>
   TIME:2,622
   STATUS:500

   COMMAND
   curl --write-out @commons/curl_template --insecure --user user:user --header Content-Type:application/json --header Accept:application/json -X DELETE http://localhost:8080/DSPRODUCTORDERING/api/admin/productOrder/


   REQUEST DELETE http://localhost:8080/DSPRODUCTORDERING/api/admin/productOrder/

   RESPONSE
{
  "previousRows" : "1",
  "currentRows" : "0",
  "affectedRows" : "1"
}
   TIME:0,852
   STATUS:200

   COMMAND
   curl --write-out @commons/curl_template --insecure --user user:user --header Content-Type:application/json --header Accept:application/json -X DELETE http://localhost:8080/DSPRODUCTORDERING/api/admin/productOrder/


   REQUEST POST http://localhost:8080/DSPRODUCTORDERING/api/productOrder

   REQUEST BODY:
      {
      "externalID": "externalId1",
      "description": "Product Order 1",
      "type": "type",
      "status": "OPEN_RUNNING",
      "orderDate": "2001-01-01T00:00:00.000+0000",
      "completionDate": "2001-02-01T00:00:00.000+0000",
      "requestedCompletionDate": "2001-03-01T00:00:00.000+0000",
      "relatedParties": [      {
         "role": "role",
         "reference": "ref"
      }],
      "orderItems":       [
                  {
            "id": "item1",
            "state": "Running",
            "action": "action",
            "productOffering":             {
               "id": "id",
               "name": "name",
               "description": "description"
            },
            "product":             {
               "productCharacteristics": [               {
                  "name": "name",
                  "value": "value"
               }],
               "productSpecification":                {
                  "id": "id",
                  "name": "name",
                  "description": "description"
               }
            }
         },
                  {
            "id": "item2",
            "state": "NotStarted",
            "action": "action",
            "productOffering":             {
               "id": "id",
               "name": "name",
               "description": "description"
            },
            "product":             {
               "productCharacteristics": [               {
                  "name": "name",
                  "value": "value"
               }],
               "productSpecification":                {
                  "id": "id",
                  "name": "name",
                  "description": "description"
               }
            }
         }
      ]
   }

   RESPONSE
{
  "id" : "151",
  "externalID" : "externalId1",
  "description" : "Product Order 1",
  "type" : "type",
  "status" : "OPEN_RUNNING",
  "orderDate" : "2001-01-01T00:00:00.000+0000",
  "completionDate" : "2001-02-01T00:00:00.000+0000",
  "requestedCompletionDate" : "2001-03-01T00:00:00.000+0000",
  "relatedParties" : [ {
    "role" : "role",
    "reference" : "ref"
  } ],
  "orderItems" : [ {
    "id" : "item1",
    "state" : "Running",
    "action" : "action",
    "productOffering" : {
      "id" : "id",
      "name" : "name",
      "description" : "description"
    },
    "product" : {
      "productCharacteristics" : [ {
        "name" : "name",
        "value" : "value"
      } ],
      "productSpecification" : {
        "id" : "id",
        "name" : "name",
        "description" : "description"
      }
    }
  }, {
    "id" : "item2",
    "state" : "NotStarted",
    "action" : "action",
    "productOffering" : {
      "id" : "id",
      "name" : "name",
      "description" : "description"
    },
    "product" : {
      "productCharacteristics" : [ {
        "name" : "name",
        "value" : "value"
      } ],
      "productSpecification" : {
        "id" : "id",
        "name" : "name",
        "description" : "description"
      }
    }
  } ]
}
   TIME:0,196
   STATUS:200

   COMMAND
   curl --write-out @commons/curl_template --insecure --user user:user --header Content-Type:application/json --header Accept:application/json -X POST http://localhost:8080/DSPRODUCTORDERING/api/productOrder -d @json/create.json


   REQUEST DELETE http://localhost:8080/DSPRODUCTORDERING/api/admin/productOrder/151

   RESPONSE
<!DOCTYPE html PUBLIC "-//W3C//DTD XHTML 1.0 Strict//EN" "http://www.w3.org/TR/xhtml1/DTD/xhtml1-strict.dtd"><html xmlns="http://www.w3.org/1999/xhtml"><head><title>GlassFish Server Open Source Edition 3.1.2.2 - Error report</title><style type="text/css"><!--H1 {font-family:Tahoma,Arial,sans-serif;color:white;background-color:#525D76;font-size:22px;} H2 {font-family:Tahoma,Arial,sans-serif;color:white;background-color:#525D76;font-size:16px;} H3 {font-family:Tahoma,Arial,sans-serif;color:white;background-color:#525D76;font-size:14px;} BODY {font-family:Tahoma,Arial,sans-serif;color:black;background-color:white;} B {font-family:Tahoma,Arial,sans-serif;color:white;background-color:#525D76;} P {font-family:Tahoma,Arial,sans-serif;background:white;color:black;font-size:12px;}A {color : black;}HR {color : #525D76;}--></style> </head><body><h1>HTTP Status 500 - </h1><hr/><p><b>type</b> Exception report</p><p><b>message</b></p><p><b>description</b>The server encountered an internal error () that prevented it from fulfilling this request.</p><p><b>exception</b> <pre>javax.servlet.ServletException: javax.transaction.RollbackException: Transaction marked for rollback.</pre></p><p><b>root cause</b> <pre>javax.transaction.RollbackException: Transaction marked for rollback.</pre></p><p><b>root cause</b> <pre>Exception [EclipseLink-4002] (Eclipse Persistence Services - 2.3.2.v20111125-r10461): org.eclipse.persistence.exceptions.DatabaseException
Internal Exception: java.sql.SQLIntegrityConstraintViolationException: DELETE sur la table 'PRODUCTORDER' a entraîné la violation de la contrainte de clé externe 'HBVENTPRDCTORDERID' pour la clé (151).  L'instruction a été annulée.
Error Code: -1
Call: DELETE FROM PRODUCTORDER WHERE (ID = ?)
	bind =&gt; [1 parameter bound]
Query: DeleteObjectQuery(tmf.org.dsmapi.ordering.ProductOrder[ id=151 description=Product Order 1 ])</pre></p><p><b>root cause</b> <pre>java.sql.SQLIntegrityConstraintViolationException: DELETE sur la table 'PRODUCTORDER' a entraîné la violation de la contrainte de clé externe 'HBVENTPRDCTORDERID' pour la clé (151).  L'instruction a été annulée.</pre></p><p><b>root cause</b> <pre>org.apache.derby.client.am.SqlException: DELETE sur la table 'PRODUCTORDER' a entraîné la violation de la contrainte de clé externe 'HBVENTPRDCTORDERID' pour la clé (151).  L'instruction a été annulée.</pre></p><p><b>note</b> <u>The full stack traces of the exception and its root causes are available in the GlassFish Server Open Source Edition 3.1.2.2 logs.</u></p><hr/><h3>GlassFish Server Open Source Edition 3.1.2.2</h3></body></html>
   TIME:0,093
   STATUS:500

   COMMAND
   curl --write-out @commons/curl_template --insecure --user user:user --header Content-Type:application/json --header Accept:application/json -X DELETE http://localhost:8080/DSPRODUCTORDERING/api/admin/productOrder/151


